<?xml version="1.0" encoding="UTF-8"?>
<!-- Generated by org.testng.reporters.JUnitReportReporter -->
<testsuite hostname="DESKTOP-RFS4DAD" failures="0" tests="1" name="verifywhetherweareabletoaddfunds.VerifyUserCanLogin" time="10.476" errors="0" timestamp="2022-10-17T22:46:09 IST" skipped="0">
  <testcase classname="verifywhetherweareabletoaddfunds.VerifyUserCanLogin" name="verifyUserCanLogin" time="10.476"/>
  <system-out/>
</testsuite> <!-- verifywhetherweareabletoaddfunds.VerifyUserCanLogin -->
